<?xml version="1.0" encoding="UTF-8"?>
<testng-results skipped="0" failed="0" ignored="0" total="2" passed="2">
  <reporter-output>
  </reporter-output>
  <suite name="All Test Suite" duration-ms="42332" started-at="2023-02-03T21:45:36 AST" finished-at="2023-02-03T21:46:18 AST">
    <groups>
    </groups>
    <test name="Check Login " duration-ms="42332" started-at="2023-02-03T21:45:36 AST" finished-at="2023-02-03T21:46:18 AST">
      <class name="TestCases.TC01_CheckLogin_P">
        <test-method status="PASS" signature="setupDriver()[pri:0, instance:TestCases.TC01_CheckLogin_P@6b04acb2]" name="setupDriver" is-config="true" duration-ms="9026" started-at="2023-02-03T21:45:36 AST" finished-at="2023-02-03T21:45:45 AST">
          <reporter-output>
          </reporter-output>
        </test-method> <!-- setupDriver -->
        <test-method status="PASS" signature="CheckLogin()[pri:1, instance:TestCases.TC01_CheckLogin_P@6b04acb2]" name="CheckLogin" duration-ms="13960" started-at="2023-02-03T21:45:45 AST" finished-at="2023-02-03T21:45:59 AST">
          <reporter-output>
          </reporter-output>
        </test-method> <!-- CheckLogin -->
        <test-method status="PASS" signature="getresult(org.testng.ITestResult)[pri:0, instance:TestCases.TC01_CheckLogin_P@6b04acb2]" name="getresult" is-config="true" duration-ms="3" started-at="2023-02-03T21:45:59 AST" finished-at="2023-02-03T21:45:59 AST">
          <params>
            <param index="0">
              <value>
                <![CDATA[[TestResult name=CheckLogin status=SUCCESS method=TestBases.CheckLogin()[pri:1, instance:TestCases.TC01_CheckLogin_P@6b04acb2] output={null}]]]>
              </value>
            </param>
          </params>
          <reporter-output>
          </reporter-output>
        </test-method> <!-- getresult -->
        <test-method status="PASS" signature="CheckPayement()[pri:2, instance:TestCases.TC01_CheckLogin_P@6b04acb2]" name="CheckPayement" duration-ms="18158" started-at="2023-02-03T21:45:59 AST" finished-at="2023-02-03T21:46:17 AST">
          <reporter-output>
          </reporter-output>
        </test-method> <!-- CheckPayement -->
        <test-method status="PASS" signature="getresult(org.testng.ITestResult)[pri:0, instance:TestCases.TC01_CheckLogin_P@6b04acb2]" name="getresult" is-config="true" duration-ms="1" started-at="2023-02-03T21:46:17 AST" finished-at="2023-02-03T21:46:17 AST">
          <params>
            <param index="0">
              <value>
                <![CDATA[[TestResult name=CheckPayement status=SUCCESS method=TC01_CheckLogin_P.CheckPayement()[pri:2, instance:TestCases.TC01_CheckLogin_P@6b04acb2] output={null}]]]>
              </value>
            </param>
          </params>
          <reporter-output>
          </reporter-output>
        </test-method> <!-- getresult -->
        <test-method status="PASS" signature="TearDown()[pri:0, instance:TestCases.TC01_CheckLogin_P@6b04acb2]" name="TearDown" is-config="true" duration-ms="934" started-at="2023-02-03T21:46:17 AST" finished-at="2023-02-03T21:46:18 AST">
          <reporter-output>
          </reporter-output>
        </test-method> <!-- TearDown -->
      </class> <!-- TestCases.TC01_CheckLogin_P -->
    </test> <!-- Check Login  -->
  </suite> <!-- All Test Suite -->
</testng-results>
