<?xml version="1.0" encoding="UTF-8"?>
<testng-results skipped="0" failed="0" ignored="0" total="2" passed="2">
  <reporter-output>
  </reporter-output>
  <suite name="All Test Suite" duration-ms="44233" started-at="2023-02-13T02:43:56 AST" finished-at="2023-02-13T02:44:40 AST">
    <groups>
    </groups>
    <test name="Check Login " duration-ms="44233" started-at="2023-02-13T02:43:56 AST" finished-at="2023-02-13T02:44:40 AST">
      <class name="TestCases.TC01_CheckLogin_P">
        <test-method status="PASS" signature="setupDriver()[pri:0, instance:TestCases.TC01_CheckLogin_P@2e6ba49a]" name="setupDriver" is-config="true" duration-ms="9851" started-at="2023-02-13T02:43:56 AST" finished-at="2023-02-13T02:44:06 AST">
          <reporter-output>
          </reporter-output>
        </test-method> <!-- setupDriver -->
        <test-method status="PASS" signature="CheckLogin()[pri:1, instance:TestCases.TC01_CheckLogin_P@2e6ba49a]" name="CheckLogin" duration-ms="14402" started-at="2023-02-13T02:44:06 AST" finished-at="2023-02-13T02:44:20 AST">
          <reporter-output>
          </reporter-output>
        </test-method> <!-- CheckLogin -->
        <test-method status="PASS" signature="getresult(org.testng.ITestResult)[pri:0, instance:TestCases.TC01_CheckLogin_P@2e6ba49a]" name="getresult" is-config="true" duration-ms="4" started-at="2023-02-13T02:44:21 AST" finished-at="2023-02-13T02:44:21 AST">
          <params>
            <param index="0">
              <value>
                <![CDATA[[TestResult name=CheckLogin status=SUCCESS method=TestBases.CheckLogin()[pri:1, instance:TestCases.TC01_CheckLogin_P@2e6ba49a] output={null}]]]>
              </value>
            </param>
          </params>
          <reporter-output>
          </reporter-output>
        </test-method> <!-- getresult -->
        <test-method status="PASS" signature="CheckPayement()[pri:2, instance:TestCases.TC01_CheckLogin_P@2e6ba49a]" name="CheckPayement" duration-ms="18537" started-at="2023-02-13T02:44:21 AST" finished-at="2023-02-13T02:44:39 AST">
          <reporter-output>
          </reporter-output>
        </test-method> <!-- CheckPayement -->
        <test-method status="PASS" signature="getresult(org.testng.ITestResult)[pri:0, instance:TestCases.TC01_CheckLogin_P@2e6ba49a]" name="getresult" is-config="true" duration-ms="2" started-at="2023-02-13T02:44:39 AST" finished-at="2023-02-13T02:44:39 AST">
          <params>
            <param index="0">
              <value>
                <![CDATA[[TestResult name=CheckPayement status=SUCCESS method=TC01_CheckLogin_P.CheckPayement()[pri:2, instance:TestCases.TC01_CheckLogin_P@2e6ba49a] output={null}]]]>
              </value>
            </param>
          </params>
          <reporter-output>
          </reporter-output>
        </test-method> <!-- getresult -->
        <test-method status="PASS" signature="TearDown()[pri:0, instance:TestCases.TC01_CheckLogin_P@2e6ba49a]" name="TearDown" is-config="true" duration-ms="1092" started-at="2023-02-13T02:44:39 AST" finished-at="2023-02-13T02:44:40 AST">
          <reporter-output>
          </reporter-output>
        </test-method> <!-- TearDown -->
      </class> <!-- TestCases.TC01_CheckLogin_P -->
    </test> <!-- Check Login  -->
  </suite> <!-- All Test Suite -->
</testng-results>
